['savings-mzt.py', 'inst11.png']
Heuristic solution: [[34, 10, 45, 11, 6, 3, 27, 22, 19, 4, 28, 14, 1, 20, 33, 13, 8, 5, 29, 16, 36], [23, 2, 39, 30, 15, 25, 26, 18, 17, 40, 38, 12, 21, 47, 24, 43, 42, 46, 9, 35, 37], [32, 44, 31, 41, 7]]
Heuristic val: 1196.0
3 <= 3 <= 20
299 <= 300
298 <= 300
50 <= 300
Set parameter Username
Academic license - for non-commercial use only - expires 2023-07-23
Set parameter TimeLimit to value 300
Waiting for optimizer...
Gurobi Optimizer version 9.5.2 build v9.5.2rc0 (linux64)
Thread count: 2 physical cores, 4 logical processors, using up to 4 threads
Optimize a model with 9653 rows, 7100 columns and 63506 nonzeros
Model fingerprint: 0x2076c6aa
Variable types: 47 continuous, 7053 integer (7053 binary)
Coefficient statistics:
  Matrix range     [1e+00, 4e+03]
  Objective range  [1e+00, 2e+02]
  Bounds range     [1e+00, 4e+03]
  RHS range        [1e+00, 4e+03]

Warning: Completing partial solution with 7003 unfixed non-continuous variables out of 7053
User MIP start produced solution with objective 447 (0.01s)
Loaded user MIP start with objective 447

Presolve removed 1795 rows and 191 columns
Presolve time: 0.21s
Presolved: 7858 rows, 6909 columns, 40044 nonzeros
Variable types: 47 continuous, 6862 integer (6862 binary)

Root relaxation: objective 2.710000e+02, 455 iterations, 0.02 seconds (0.01 work units)

    Nodes    |    Current Node    |     Objective Bounds      |     Work
 Expl Unexpl |  Obj  Depth IntInf | Incumbent    BestBd   Gap | It/Node Time

     0     0  271.00000    0   95  447.00000  271.00000  39.4%     -    0s
     0     0  272.00000    0  139  447.00000  272.00000  39.1%     -    0s
H    0     0                     442.0000000  272.00000  38.5%     -    1s
     0     0  272.00000    0  141  442.00000  272.00000  38.5%     -    1s
     0     0  281.00000    0  142  442.00000  281.00000  36.4%     -    1s
     0     0  281.00000    0  141  442.00000  281.00000  36.4%     -    1s
     0     0  281.00000    0  140  442.00000  281.00000  36.4%     -    1s
     0     0  281.00000    0  147  442.00000  281.00000  36.4%     -    1s
     0     0  281.00000    0   87  442.00000  281.00000  36.4%     -    1s
     0     0  281.00000    0  102  442.00000  281.00000  36.4%     -    2s
     0     0  281.00000    0  105  442.00000  281.00000  36.4%     -    3s
     0     0  281.00000    0  119  442.00000  281.00000  36.4%     -    3s
     0     0  281.00000    0   99  442.00000  281.00000  36.4%     -    3s
     0     0  281.00000    0   99  442.00000  281.00000  36.4%     -    3s
     0     2  281.00000    0   86  442.00000  281.00000  36.4%     -    4s
     3     6  281.50000    2  150  442.00000  281.50000  36.3%   173    5s
H   28    31                     431.0000000  281.50000  34.7%  52.1    8s
    39    49  284.18000   13  121  431.00000  281.50000  34.7%  43.5   10s
H   57    69                     428.0000000  281.50000  34.2%  36.8   10s
   224   238  294.71000  120  176  428.00000  281.50000  34.2%  22.4   15s
   399   390  300.99200  206  159  428.00000  281.50000  34.2%  17.0   21s
H  543   481                     424.0000000  281.50000  33.6%  15.6   24s
   587   508  284.12244    4  162  424.00000  281.50000  33.6%  15.9   25s
   730   598  334.64286   93   95  424.00000  281.50000  33.6%  17.6   30s
H  731   569                     411.0000000  282.00000  31.4%  17.5   31s
   740   575  405.50000  244  221  411.00000  282.03852  31.4%  17.3   36s
   747   579  318.00000  157  295  411.00000  286.12826  30.4%  17.2   40s
   767   593  300.58217   14  245  411.00000  300.58217  26.9%  16.7   45s
   790   608  341.50000  243  269  411.00000  304.16686  26.0%  16.2   51s
   801   615  307.41620   29  141  411.00000  307.41620  25.2%  16.0   55s
H  807   586                     407.0000000  308.00000  24.3%  15.9   60s
   820   596  383.75000  113  123  407.00000  308.00000  24.3%  50.6   66s
   830   603  334.64286   93   77  407.00000  308.00000  24.3%  50.0   70s
H  837   576                     403.0000000  308.00000  23.6%  49.6   75s
   845   585  308.03000   25  184  403.00000  308.03000  23.6%  62.3   80s
   871   602  310.27273   31  147  403.00000  308.50000  23.4%  63.1   85s
  1029   718  317.19102   70  144  403.00000  308.50000  23.4%  61.5   90s
  1239   818  323.23113  131  154  403.00000  308.50000  23.4%  62.3   95s
  1533   848     cutoff  237       403.00000  308.50000  23.4%  62.0  100s
  1840   863  328.40798   60  117  403.00000  308.57143  23.4%  61.7  105s
  2226  1003  317.55865  104  194  403.00000  309.00000  23.3%  56.7  110s
  2681  1374  365.54281  293  150  403.00000  309.00000  23.3%  52.2  115s
  3090  1708  383.29524   93  111  403.00000  309.00000  23.3%  48.7  120s
  3583  2132  318.39227  237  158  403.00000  309.00000  23.3%  45.8  125s
  4173  2808  310.12673   39  138  403.00000  309.00000  23.3%  43.6  131s
  4769  3283  368.51991  136  155  403.00000  309.00000  23.3%  41.8  136s
  5458  3714  313.52995   38  166  403.00000  309.06807  23.3%  40.1  142s
  5699  4192  335.33371  181  120  403.00000  309.07376  23.3%  39.6  146s
  6200  4513  334.62895  148  126  403.00000  309.07558  23.3%  38.5  150s
  6741  5021  361.61473  197  187  403.00000  309.08229  23.3%  38.0  156s
  7032  5256  332.39524   58  169  403.00000  309.10111  23.3%  39.0  160s
  7351  5592  386.90677  227   84  403.00000  309.10920  23.3%  38.9  166s
  7836  5902  317.20198   46   99  403.00000  309.11876  23.3%  39.3  172s
  7912  6143  327.50549   79  112  403.00000  309.11876  23.3%  39.2  175s
  8399  6691  349.00801  227   89  403.00000  309.12388  23.3%  37.8  180s
  9152  7148  312.77206   53  186  403.00000  309.17130  23.3%  38.2  186s
  9497  7529  321.33782   99  118  403.00000  309.17130  23.3%  39.1  191s
 10028  7682  396.53480  249   59  403.00000  309.18200  23.3%  39.5  196s
 10262  8030  337.84007  104  152  403.00000  309.20144  23.3%  39.9  201s
 10759  8415  362.32691  220  124  403.00000  309.21044  23.3%  39.5  207s
 11059  8759  331.83344   36  227  403.00000  309.21044  23.3%  39.8  212s
 11466  8990  316.17585   63  117  403.00000  309.22827  23.3%  40.3  216s
 11728  9132  327.85939   53  128  403.00000  309.23118  23.3%  40.8  220s
 11859  9413  376.00000  104   57  403.00000  309.23812  23.3%  41.0  225s
 12307  9726  310.99838   33  147  403.00000  309.30333  23.2%  41.3  230s
 12674 10065  316.22071   50  201  403.00000  309.30333  23.2%  41.7  235s
 13158 10477  320.75182   35  204  403.00000  309.30467  23.2%  41.7  240s
 13607 10854  330.33228  166  120  403.00000  309.31058  23.2%  41.6  246s
 14049 11277  366.14367  397   68  403.00000  309.31707  23.2%  41.0  251s
 14519 11682  312.40629   34  109  403.00000  309.35202  23.2%  41.0  255s

Cutting planes:
  Gomory: 38
  Lift-and-project: 27
  Cover: 2
  Implied bound: 51
  Projected implied bound: 79
  Clique: 130
  MIR: 18
  Flow cover: 110
  Inf proof: 4
  Zero half: 75
  RLT: 19
  Relax-and-lift: 61
  BQP: 5
  PSD: 1

Explored 14784 nodes (612079 simplex iterations) in 300.03 seconds (386.06 work units)
Thread count was 4 (of 4 available processors)

Solution count 8: 403 407 411 ... 447

Time limit reached
Best objective 4.030000000000e+02, best bound 3.100000000000e+02, gap 23.0769%
Done waiting!
MIP improvement: [[0, 34, 10, 45, 11, 6, 3, 27, 22, 19, 4, 14, 28, 1, 29, 5, 8, 13, 33, 20, 16, 36, 0], [0, 31, 2, 15, 25, 23, 26, 18, 17, 40, 38, 12, 24, 21, 47, 30, 39, 43, 42, 46, 9, 35, 44, 0], [0, 41, 7, 37, 32, 0]]
MIP value: 1166
The solution could be better...
