['savings-mzt.py', 'inst01.png']
Heuristic solution: [[31, 32, 44, 2, 39, 30, 15, 25, 26, 18, 17, 40, 38, 12, 21, 47, 24, 43, 42, 46, 9], [36, 23, 16, 29, 5, 8, 13, 33, 20, 1, 14, 28, 4, 19, 41], [7, 22, 27, 3, 6, 11, 45, 10, 34, 35, 37]]
Heuristic val: 1192.0
3 <= 3 <= 4
288 <= 300
191 <= 200
168 <= 200
Set parameter Username
Academic license - for non-commercial use only - expires 2023-07-23
Set parameter TimeLimit to value 300
Waiting for optimizer...
Gurobi Optimizer version 9.5.2 build v9.5.2rc0 (linux64)
Thread count: 2 physical cores, 4 logical processors, using up to 4 threads
Optimize a model with 9653 rows, 7100 columns and 63506 nonzeros
Model fingerprint: 0x6b7ab906
Variable types: 47 continuous, 7053 integer (7053 binary)
Coefficient statistics:
  Matrix range     [1e+00, 8e+02]
  Objective range  [1e+00, 2e+02]
  Bounds range     [1e+00, 8e+02]
  RHS range        [1e+00, 8e+02]

Warning: Completing partial solution with 7003 unfixed non-continuous variables out of 7053
User MIP start produced solution with objective 455 (0.01s)
Loaded user MIP start with objective 455

Presolve removed 1748 rows and 191 columns
Presolve time: 0.17s
Presolved: 7905 rows, 6909 columns, 40185 nonzeros
Variable types: 47 continuous, 6862 integer (6862 binary)

Root relaxation: objective 2.710000e+02, 457 iterations, 0.02 seconds (0.01 work units)

    Nodes    |    Current Node    |     Objective Bounds      |     Work
 Expl Unexpl |  Obj  Depth IntInf | Incumbent    BestBd   Gap | It/Node Time

     0     0  271.00000    0   89  455.00000  271.00000  40.4%     -    0s
     0     0  279.66667    0  163  455.00000  279.66667  38.5%     -    0s
H    0     0                     450.0000000  279.66667  37.9%     -    1s
     0     0  279.66667    0  166  450.00000  279.66667  37.9%     -    1s
     0     0  279.66667    0  150  450.00000  279.66667  37.9%     -    1s
     0     0  282.00000    0  137  450.00000  282.00000  37.3%     -    1s
     0     0  282.00000    0  138  450.00000  282.00000  37.3%     -    1s
     0     0  282.00000    0  104  450.00000  282.00000  37.3%     -    1s
     0     0  282.00000    0  113  450.00000  282.00000  37.3%     -    1s
     0     0  282.00000    0  109  450.00000  282.00000  37.3%     -    2s
     0     0  282.00000    0  146  450.00000  282.00000  37.3%     -    2s
     0     0  282.00000    0   96  450.00000  282.00000  37.3%     -    2s
     0     0  282.00000    0  164  450.00000  282.00000  37.3%     -    2s
     0     0  282.00000    0  103  450.00000  282.00000  37.3%     -    2s
     0     0  282.00000    0   99  450.00000  282.00000  37.3%     -    3s
     0     2  282.00000    0   93  450.00000  282.00000  37.3%     -    3s
H   27    30                     447.0000000  282.00000  36.9%  50.6    6s
H   86    88                     441.0000000  282.00000  36.1%  42.8    8s
H  279   258                     436.0000000  282.00000  35.3%  26.0   11s
H  280   248                     422.0000000  282.00000  33.2%  26.0   11s
H  300   259                     406.0000000  282.00000  30.5%  25.5   12s
   621   610  343.97572  305  100  406.00000  282.00000  30.5%  20.8   15s
   752   679  287.00000   22   99  406.00000  282.00000  30.5%  19.4   20s
   760   684  343.15548   62  172  406.00000  282.00000  30.5%  19.2   25s
   771   692  352.00000   59  212  406.00000  285.54397  29.7%  18.9   30s
   782   699  351.63948  355  261  406.00000  293.24500  27.8%  18.6   35s
   796   708  332.72667   23  301  406.00000  294.79704  27.4%  18.3   40s
H  804   677                     398.0000000  294.83850  25.9%  18.1   42s
   813   683  295.02724   24  183  398.00000  295.02724  25.9%  17.9   45s
   827   693  301.59333   60  181  398.00000  295.05342  25.9%  70.0   50s
   837   700  339.00000   90  178  398.00000  297.10423  25.4%  69.2   55s
   849   708  338.89161  143  145  398.00000  297.90535  25.1%  68.2   60s
   861   716  382.56787  143  218  398.00000  298.82879  24.9%  67.2   65s
   883   730  344.17252  301  241  398.00000  301.15162  24.3%  65.6   70s
H  890   697                     392.0000000  301.43598  23.1%  65.0   73s
   901   704  338.61197  106  258  392.00000  301.69445  23.0%  64.2   75s
   915   715  313.66579   64  184  392.00000  301.69445  23.0%   109   80s
   927   723  302.25390   60  200  392.00000  302.25390  22.9%   107   85s
   939   731  352.24603  282  221  392.00000  302.93918  22.7%   106   90s
   953   740  352.00000   59  252  392.00000  304.00258  22.4%   104   95s
   967   749  332.36333   19  260  392.00000  304.40508  22.3%   103  101s
   979   757  366.00000  257  271  392.00000  304.50091  22.3%   102  105s
   992   767  349.34527  275  198  392.00000  305.53892  22.1%   147  110s
  1005   776  306.69767   37  170  392.00000  306.69767  21.8%   145  115s
  1018   785  342.47886  210  151  392.00000  307.26087  21.6%   143  120s
  1035   797  344.92578  289  131  392.00000  308.00000  21.4%   163  125s
  1046   804  335.71587   97  123  392.00000  308.00000  21.4%   161  130s
  1055   810  390.00000   88  107  392.00000  308.01350  21.4%   160  135s
  1062   817  308.06000   60  185  392.00000  308.06000  21.4%   169  140s
  1114   851  314.03333   71   88  392.00000  308.50000  21.3%   167  145s
  1226   923  320.45544   97   77  392.00000  308.50000  21.3%   157  150s
  1458   994  315.21137   65  154  392.00000  308.50000  21.3%   141  155s
  1772  1118  370.86533  122   85  392.00000  308.50000  21.3%   126  160s
  2143  1265  353.13833  234   54  392.00000  308.50000  21.3%   112  166s
  2631  1584  330.16605  196  114  392.00000  309.00000  21.2%  95.0  170s
  3346  1936  338.65469  233  101  392.00000  309.00000  21.2%  79.0  175s
  4137  2587  347.53906  399  130  392.00000  309.00000  21.2%  68.6  180s
  4827  3173  337.33186  146  109  392.00000  309.00000  21.2%  62.4  186s
  5435  3775  333.73671  217  123  392.00000  309.00000  21.2%  59.0  190s
  6164  4389  311.87603   91  157  392.00000  309.00000  21.2%  56.3  195s
  6822  4758  323.05013   78  146  392.00000  309.15167  21.1%  54.8  200s
  7374  5295  337.06492  193  102  392.00000  309.15167  21.1%  54.3  207s
  8153  5841  327.62825  131  109  392.00000  309.21667  21.1%  51.9  211s
  8451  6006  313.00716   69  163  392.00000  309.22750  21.1%  51.8  215s
  8790  6313 infeasible  231       392.00000  309.23116  21.1%  51.7  222s
H 8856  6275                     389.0000000  309.23116  20.5%  51.4  222s
  9092  6489  333.38013   73  176  389.00000  309.23940  20.5%  51.7  226s
  9784  7086  373.29093   95  162  389.00000  309.30333  20.5%  50.7  231s
 10487  7583  359.82250  114   95  389.00000  309.30952  20.5%  49.8  236s
 11112  8055  374.84253  115  123  389.00000  309.32099  20.5%  49.3  241s
 11501  8365  319.14194   78  137  389.00000  309.32757  20.5%  49.2  245s
 11694  8492  384.00000  120   30  389.00000  309.33091  20.5%  49.0  252s
H11805  8442                     387.0000000  309.33091  20.1%  48.9  252s
 11893  8465  344.93066   81  137  387.00000  309.33334  20.1%  48.9  255s
 12352  8981  373.40485   88  119  387.00000  309.38381  20.1%  48.6  260s
 12932  9467  340.83698   98  141  387.00000  309.48109  20.0%  48.3  265s
 13801  9964  360.97477  103  175  387.00000  309.50000  20.0%  46.9  271s
 14292 10452  357.96853   88  127  387.00000  309.59106  20.0%  46.6  275s
 14698 10599  362.48314  126   99  387.00000  309.65610  20.0%  46.6  281s
 14707 10605  356.35354  112   86  387.00000  309.65610  20.0%  46.6  285s
 14713 10609  333.95829  160  106  387.00000  309.65610  20.0%  46.6  290s
 14716 10614  309.65610   70  105  387.00000  309.65610  20.0%  47.2  296s
 14720 10617  309.65610   71  150  387.00000  309.65610  20.0%  47.2  300s

Cutting planes:
  Gomory: 37
  Lift-and-project: 11
  Implied bound: 3
  Projected implied bound: 5
  Clique: 105
  MIR: 3
  Flow cover: 21
  Zero half: 46
  RLT: 4
  Relax-and-lift: 8
  BQP: 1

Explored 14722 nodes (701705 simplex iterations) in 300.03 seconds (480.42 work units)
Thread count was 4 (of 4 available processors)

Solution count 10: 387 389 392 ... 450

Time limit reached
Best objective 3.870000000000e+02, best bound 3.100000000000e+02, gap 19.8966%
Done waiting!
MIP improvement: [[0, 44, 35, 9, 46, 42, 43, 39, 30, 47, 21, 24, 12, 38, 40, 17, 18, 25, 15, 2, 31, 0], [0, 23, 26, 16, 20, 29, 5, 8, 13, 33, 19, 4, 14, 1, 28, 36, 41, 0], [0, 7, 22, 27, 3, 6, 11, 45, 10, 34, 37, 32, 0]]
MIP value: 1166
The solution could be better...
